{
  "RSpec": {
    "coverage": {
      "/Users/jarrettharris/wdi/lucid/app/helpers/application_helper.rb": [
        1,
        null,
        1,
        0,
        null,
        null,
        null
      ],
      "/Users/jarrettharris/wdi/lucid/app/helpers/ownsearches_helper.rb": [
        1,
        null
      ],
      "/Users/jarrettharris/wdi/lucid/app/helpers/searches_helper.rb": [
        1,
        null
      ],
      "/Users/jarrettharris/wdi/lucid/app/controllers/application_controller.rb": [
        1,
        null,
        null,
        1,
        null,
        null,
        null,
        null,
        null,
        null,
        null,
        null,
        null,
        null,
        1,
        null,
        1,
        0,
        null,
        null,
        1,
        0,
        0,
        0,
        0,
        0,
        0,
        null,
        null,
        0,
        0,
        0,
        null,
        null,
        null,
        1,
        null,
        null
      ],
      "/Users/jarrettharris/wdi/lucid/app/controllers/profilesearches_controller.rb": [
        1,
        1,
        null,
        1,
        null,
        null,
        null,
        1,
        0,
        0,
        0,
        null,
        null,
        1,
        0,
        0,
        0,
        null,
        null,
        1,
        0,
        0,
        0,
        null,
        null,
        null
      ],
      "/Users/jarrettharris/wdi/lucid/app/controllers/searches_controller.rb": [
        1,
        1,
        null,
        1,
        null,
        null,
        1,
        0,
        0,
        0,
        0,
        null,
        null,
        null
      ],
      "/Users/jarrettharris/wdi/lucid/app/controllers/sessions_controller.rb": [
        1,
        1,
        0,
        0,
        0,
        null,
        null,
        1,
        0,
        0,
        0,
        0,
        0,
        null,
        null
      ],
      "/Users/jarrettharris/wdi/lucid/app/controllers/staticpages_controller.rb": [
        1,
        1,
        0,
        0,
        0,
        null,
        null
      ],
      "/Users/jarrettharris/wdi/lucid/app/controllers/tweets_controller.rb": [
        1,
        1,
        null,
        1,
        null,
        null,
        null,
        null,
        1,
        0,
        0,
        0,
        0,
        null,
        null,
        null,
        null,
        null
      ],
      "/Users/jarrettharris/wdi/lucid/app/models/search.rb": [
        1,
        1,
        0,
        0,
        0,
        0,
        null,
        0,
        null,
        0,
        null,
        0,
        null,
        0,
        null,
        0,
        null,
        0,
        null,
        0,
        null,
        null,
        0,
        null,
        null,
        null
      ],
      "/Users/jarrettharris/wdi/lucid/app/models/tweet.rb": [
        1,
        1,
        0,
        0,
        0,
        0,
        null,
        0,
        null,
        0,
        null,
        0,
        null,
        0,
        null,
        0,
        null,
        0,
        null,
        0,
        null,
        null,
        0,
        null,
        null,
        null
      ],
      "/Users/jarrettharris/wdi/lucid/app/models/user.rb": [
        1,
        1,
        0,
        null,
        null,
        1,
        0,
        0,
        0,
        0,
        0,
        0,
        null,
        null,
        null
      ]
    },
    "timestamp": 1385089794
  }
}
